State 84 conflicts: 19 reduce/reduce


Grammar

    0 $accept: Stm $end

    1 Stm: FunctionsAndDeclarations

    2 FunctionsAndDeclarations: TypeFuncDec
    3                         | FunctionsAndDeclarations TypeFuncDec

    4 TypeFuncDec: FunctionDefinition
    5            | FunctionDeclaration
    6            | Declaration

    7 FunctionDefinition: TypeSpec FunctionDeclarator FunctionBody

    8 FunctionBody: LBRACE DeclarationsAndStatements RBRACE
    9             | LBRACE RBRACE

   10 DeclarationsAndStatements: Statement DeclarationsAndStatements
   11                          | Declaration DeclarationsAndStatements
   12                          | StatementNoError
   13                          | Declaration

   14 FunctionDeclaration: TypeSpec FunctionDeclarator SEMI

   15 FunctionDeclarator: IDENTIFIER LPAR ParameterList RPAR

   16 ParameterList: ParameterDeclaration
   17              | ParameterList COMMA ParameterDeclaration

   18 ParameterDeclaration: TypeSpec IDENTIFIER
   19                     | TypeSpec

   20 Declaration: TypeSpec Declarator SEMI
   21            | TypeSpec Declarator COMMA DeclaratorList SEMI
   22            | error SEMI

   23 TypeSpec: CHAR
   24         | INT
   25         | VOID
   26         | SHORT
   27         | DOUBLE

   28 DeclaratorList: Declarator
   29               | DeclaratorList COMMA Declarator

   30 Declarator: IDENTIFIER
   31           | IDENTIFIER ASSIGN Expr

   32 Statement: error SEMI
   33          | StatementNoError

   34 StatementNoError: SEMI
   35                 | Expr SEMI
   36                 | LBRACE RBRACE
   37                 | LBRACE Statements RBRACE
   38                 | IF LPAR Expr RPAR Statement ELSE Statement
   39                 | WHILE LPAR Expr RPAR Statement
   40                 | RETURN SEMI
   41                 | RETURN Expr SEMI
   42                 | LBRACE error RBRACE

   43 Statements: Statement
   44           | Statements Statement

   45 Expr: Expr ASSIGN Expr
   46     | Expr PLUS Expr
   47     | Expr MINUS Expr
   48     | Expr MUL Expr
   49     | Expr DIV Expr
   50     | Expr MOD Expr
   51     | Expr OR Expr
   52     | Expr AND Expr
   53     | Expr BITWISEAND Expr
   54     | Expr BITWISEOR Expr
   55     | Expr BITWISEXOR Expr
   56     | Expr EQ Expr
   57     | Expr NE Expr
   58     | Expr LE Expr
   59     | Expr GE Expr
   60     | Expr LT Expr
   61     | Expr GT Expr
   62     | PLUS Expr
   63     | MINUS Expr
   64     | NOT Expr
   65     | IDENTIFIER LPAR RPAR
   66     | MultiExpr RPAR
   67     | IDENTIFIER
   68     | NATURAL
   69     | CHRLIT
   70     | DECIMAL
   71     | LPAR Expr RPAR
   72     | IDENTIFIER LPAR error RPAR
   73     | LPAR error RPAR

   74 MultiExpr: MultiExpr COMMA Expr
   75          | IDENTIFIER LPAR Expr


Terminals, with rules where they appear

    $end (0) 0
    error (256) 22 32 42 72 73
    LBRACE (258) 8 9 36 37 42
    RBRACE (259) 8 9 36 37 42
    SEMI (260) 14 20 21 22 32 34 35 40 41
    IDENTIFIER (261) 15 18 30 31 65 67 72 75
    LPAR (262) 15 38 39 65 71 72 73 75
    RPAR (263) 15 38 39 65 66 71 72 73
    CHAR (264) 23
    INT (265) 24
    VOID (266) 25
    SHORT (267) 26
    DOUBLE (268) 27
    ASSIGN (269) 31 45
    WHILE (270) 39
    RETURN (271) 40 41
    BITWISEAND (272) 53
    BITWISEOR (273) 54
    BITWISEXOR (274) 55
    AND (275) 52
    MUL (276) 48
    COMMA (277) 17 21 29 74
    DIV (278) 49
    EQ (279) 56
    GE (280) 59
    GT (281) 61
    LE (282) 58
    LT (283) 60
    MINUS (284) 47 63
    MOD (285) 50
    NE (286) 57
    NOT (287) 64
    OR (288) 51
    PLUS (289) 46 62
    DECIMAL (290) 70
    NATURAL (291) 68
    CHRLIT (292) 69
    ELSE (293) 38
    IF (294) 38


Nonterminals, with rules where they appear

    $accept (40)
        on left: 0
    Stm (41)
        on left: 1
        on right: 0
    FunctionsAndDeclarations (42)
        on left: 2 3
        on right: 1 3
    TypeFuncDec (43)
        on left: 4 5 6
        on right: 2 3
    FunctionDefinition (44)
        on left: 7
        on right: 4
    FunctionBody (45)
        on left: 8 9
        on right: 7
    DeclarationsAndStatements (46)
        on left: 10 11 12 13
        on right: 8 10 11
    FunctionDeclaration (47)
        on left: 14
        on right: 5
    FunctionDeclarator (48)
        on left: 15
        on right: 7 14
    ParameterList (49)
        on left: 16 17
        on right: 15 17
    ParameterDeclaration (50)
        on left: 18 19
        on right: 16 17
    Declaration (51)
        on left: 20 21 22
        on right: 6 11 13
    TypeSpec (52)
        on left: 23 24 25 26 27
        on right: 7 14 18 19 20 21
    DeclaratorList (53)
        on left: 28 29
        on right: 21 29
    Declarator (54)
        on left: 30 31
        on right: 20 21 28 29
    Statement (55)
        on left: 32 33
        on right: 10 38 39 43 44
    StatementNoError (56)
        on left: 34 35 36 37 38 39 40 41 42
        on right: 12 33
    Statements (57)
        on left: 43 44
        on right: 37 44
    Expr (58)
        on left: 45 46 47 48 49 50 51 52 53 54 55 56 57 58 59 60 61 62 63 64 65 66 67 68 69 70 71 72 73
        on right: 31 35 38 39 41 45 46 47 48 49 50 51 52 53 54 55 56 57 58 59 60 61 62 63 64 71 74 75
    MultiExpr (59)
        on left: 74 75
        on right: 66 74


State 0

    0 $accept: • Stm $end

    error   shift, and go to state 1
    CHAR    shift, and go to state 2
    INT     shift, and go to state 3
    VOID    shift, and go to state 4
    SHORT   shift, and go to state 5
    DOUBLE  shift, and go to state 6

    Stm                       go to state 7
    FunctionsAndDeclarations  go to state 8
    TypeFuncDec               go to state 9
    FunctionDefinition        go to state 10
    FunctionDeclaration       go to state 11
    Declaration               go to state 12
    TypeSpec                  go to state 13


State 1

   22 Declaration: error • SEMI

    SEMI  shift, and go to state 14


State 2

   23 TypeSpec: CHAR •

    $default  reduce using rule 23 (TypeSpec)


State 3

   24 TypeSpec: INT •

    $default  reduce using rule 24 (TypeSpec)


State 4

   25 TypeSpec: VOID •

    $default  reduce using rule 25 (TypeSpec)


State 5

   26 TypeSpec: SHORT •

    $default  reduce using rule 26 (TypeSpec)


State 6

   27 TypeSpec: DOUBLE •

    $default  reduce using rule 27 (TypeSpec)


State 7

    0 $accept: Stm • $end

    $end  shift, and go to state 15


State 8

    1 Stm: FunctionsAndDeclarations •
    3 FunctionsAndDeclarations: FunctionsAndDeclarations • TypeFuncDec

    error   shift, and go to state 1
    CHAR    shift, and go to state 2
    INT     shift, and go to state 3
    VOID    shift, and go to state 4
    SHORT   shift, and go to state 5
    DOUBLE  shift, and go to state 6

    $end  reduce using rule 1 (Stm)

    TypeFuncDec          go to state 16
    FunctionDefinition   go to state 10
    FunctionDeclaration  go to state 11
    Declaration          go to state 12
    TypeSpec             go to state 13


State 9

    2 FunctionsAndDeclarations: TypeFuncDec •

    $default  reduce using rule 2 (FunctionsAndDeclarations)


State 10

    4 TypeFuncDec: FunctionDefinition •

    $default  reduce using rule 4 (TypeFuncDec)


State 11

    5 TypeFuncDec: FunctionDeclaration •

    $default  reduce using rule 5 (TypeFuncDec)


State 12

    6 TypeFuncDec: Declaration •

    $default  reduce using rule 6 (TypeFuncDec)


State 13

    7 FunctionDefinition: TypeSpec • FunctionDeclarator FunctionBody
   14 FunctionDeclaration: TypeSpec • FunctionDeclarator SEMI
   20 Declaration: TypeSpec • Declarator SEMI
   21            | TypeSpec • Declarator COMMA DeclaratorList SEMI

    IDENTIFIER  shift, and go to state 17

    FunctionDeclarator  go to state 18
    Declarator          go to state 19


State 14

   22 Declaration: error SEMI •

    $default  reduce using rule 22 (Declaration)


State 15

    0 $accept: Stm $end •

    $default  accept


State 16

    3 FunctionsAndDeclarations: FunctionsAndDeclarations TypeFuncDec •

    $default  reduce using rule 3 (FunctionsAndDeclarations)


State 17

   15 FunctionDeclarator: IDENTIFIER • LPAR ParameterList RPAR
   30 Declarator: IDENTIFIER •
   31           | IDENTIFIER • ASSIGN Expr

    LPAR    shift, and go to state 20
    ASSIGN  shift, and go to state 21

    $default  reduce using rule 30 (Declarator)


State 18

    7 FunctionDefinition: TypeSpec FunctionDeclarator • FunctionBody
   14 FunctionDeclaration: TypeSpec FunctionDeclarator • SEMI

    LBRACE  shift, and go to state 22
    SEMI    shift, and go to state 23

    FunctionBody  go to state 24


State 19

   20 Declaration: TypeSpec Declarator • SEMI
   21            | TypeSpec Declarator • COMMA DeclaratorList SEMI

    SEMI   shift, and go to state 25
    COMMA  shift, and go to state 26


State 20

   15 FunctionDeclarator: IDENTIFIER LPAR • ParameterList RPAR

    CHAR    shift, and go to state 2
    INT     shift, and go to state 3
    VOID    shift, and go to state 4
    SHORT   shift, and go to state 5
    DOUBLE  shift, and go to state 6

    ParameterList         go to state 27
    ParameterDeclaration  go to state 28
    TypeSpec              go to state 29


State 21

   31 Declarator: IDENTIFIER ASSIGN • Expr

    IDENTIFIER  shift, and go to state 30
    LPAR        shift, and go to state 31
    MINUS       shift, and go to state 32
    NOT         shift, and go to state 33
    PLUS        shift, and go to state 34
    DECIMAL     shift, and go to state 35
    NATURAL     shift, and go to state 36
    CHRLIT      shift, and go to state 37

    Expr       go to state 38
    MultiExpr  go to state 39


State 22

    8 FunctionBody: LBRACE • DeclarationsAndStatements RBRACE
    9             | LBRACE • RBRACE

    error       shift, and go to state 40
    LBRACE      shift, and go to state 41
    RBRACE      shift, and go to state 42
    SEMI        shift, and go to state 43
    IDENTIFIER  shift, and go to state 30
    LPAR        shift, and go to state 31
    CHAR        shift, and go to state 2
    INT         shift, and go to state 3
    VOID        shift, and go to state 4
    SHORT       shift, and go to state 5
    DOUBLE      shift, and go to state 6
    WHILE       shift, and go to state 44
    RETURN      shift, and go to state 45
    MINUS       shift, and go to state 32
    NOT         shift, and go to state 33
    PLUS        shift, and go to state 34
    DECIMAL     shift, and go to state 35
    NATURAL     shift, and go to state 36
    CHRLIT      shift, and go to state 37
    IF          shift, and go to state 46

    DeclarationsAndStatements  go to state 47
    Declaration                go to state 48
    TypeSpec                   go to state 49
    Statement                  go to state 50
    StatementNoError           go to state 51
    Expr                       go to state 52
    MultiExpr                  go to state 39


State 23

   14 FunctionDeclaration: TypeSpec FunctionDeclarator SEMI •

    $default  reduce using rule 14 (FunctionDeclaration)


State 24

    7 FunctionDefinition: TypeSpec FunctionDeclarator FunctionBody •

    $default  reduce using rule 7 (FunctionDefinition)


State 25

   20 Declaration: TypeSpec Declarator SEMI •

    $default  reduce using rule 20 (Declaration)


State 26

   21 Declaration: TypeSpec Declarator COMMA • DeclaratorList SEMI

    IDENTIFIER  shift, and go to state 53

    DeclaratorList  go to state 54
    Declarator      go to state 55


State 27

   15 FunctionDeclarator: IDENTIFIER LPAR ParameterList • RPAR
   17 ParameterList: ParameterList • COMMA ParameterDeclaration

    RPAR   shift, and go to state 56
    COMMA  shift, and go to state 57


State 28

   16 ParameterList: ParameterDeclaration •

    $default  reduce using rule 16 (ParameterList)


State 29

   18 ParameterDeclaration: TypeSpec • IDENTIFIER
   19                     | TypeSpec •

    IDENTIFIER  shift, and go to state 58

    $default  reduce using rule 19 (ParameterDeclaration)


State 30

   65 Expr: IDENTIFIER • LPAR RPAR
   67     | IDENTIFIER •
   72     | IDENTIFIER • LPAR error RPAR
   75 MultiExpr: IDENTIFIER • LPAR Expr

    LPAR  shift, and go to state 59

    $default  reduce using rule 67 (Expr)


State 31

   71 Expr: LPAR • Expr RPAR
   73     | LPAR • error RPAR

    error       shift, and go to state 60
    IDENTIFIER  shift, and go to state 30
    LPAR        shift, and go to state 31
    MINUS       shift, and go to state 32
    NOT         shift, and go to state 33
    PLUS        shift, and go to state 34
    DECIMAL     shift, and go to state 35
    NATURAL     shift, and go to state 36
    CHRLIT      shift, and go to state 37

    Expr       go to state 61
    MultiExpr  go to state 39


State 32

   63 Expr: MINUS • Expr

    IDENTIFIER  shift, and go to state 30
    LPAR        shift, and go to state 31
    MINUS       shift, and go to state 32
    NOT         shift, and go to state 33
    PLUS        shift, and go to state 34
    DECIMAL     shift, and go to state 35
    NATURAL     shift, and go to state 36
    CHRLIT      shift, and go to state 37

    Expr       go to state 62
    MultiExpr  go to state 39


State 33

   64 Expr: NOT • Expr

    IDENTIFIER  shift, and go to state 30
    LPAR        shift, and go to state 31
    MINUS       shift, and go to state 32
    NOT         shift, and go to state 33
    PLUS        shift, and go to state 34
    DECIMAL     shift, and go to state 35
    NATURAL     shift, and go to state 36
    CHRLIT      shift, and go to state 37

    Expr       go to state 63
    MultiExpr  go to state 39


State 34

   62 Expr: PLUS • Expr

    IDENTIFIER  shift, and go to state 30
    LPAR        shift, and go to state 31
    MINUS       shift, and go to state 32
    NOT         shift, and go to state 33
    PLUS        shift, and go to state 34
    DECIMAL     shift, and go to state 35
    NATURAL     shift, and go to state 36
    CHRLIT      shift, and go to state 37

    Expr       go to state 64
    MultiExpr  go to state 39


State 35

   70 Expr: DECIMAL •

    $default  reduce using rule 70 (Expr)


State 36

   68 Expr: NATURAL •

    $default  reduce using rule 68 (Expr)


State 37

   69 Expr: CHRLIT •

    $default  reduce using rule 69 (Expr)


State 38

   31 Declarator: IDENTIFIER ASSIGN Expr •
   45 Expr: Expr • ASSIGN Expr
   46     | Expr • PLUS Expr
   47     | Expr • MINUS Expr
   48     | Expr • MUL Expr
   49     | Expr • DIV Expr
   50     | Expr • MOD Expr
   51     | Expr • OR Expr
   52     | Expr • AND Expr
   53     | Expr • BITWISEAND Expr
   54     | Expr • BITWISEOR Expr
   55     | Expr • BITWISEXOR Expr
   56     | Expr • EQ Expr
   57     | Expr • NE Expr
   58     | Expr • LE Expr
   59     | Expr • GE Expr
   60     | Expr • LT Expr
   61     | Expr • GT Expr

    ASSIGN      shift, and go to state 65
    BITWISEAND  shift, and go to state 66
    BITWISEOR   shift, and go to state 67
    BITWISEXOR  shift, and go to state 68
    AND         shift, and go to state 69
    MUL         shift, and go to state 70
    DIV         shift, and go to state 71
    EQ          shift, and go to state 72
    GE          shift, and go to state 73
    GT          shift, and go to state 74
    LE          shift, and go to state 75
    LT          shift, and go to state 76
    MINUS       shift, and go to state 77
    MOD         shift, and go to state 78
    NE          shift, and go to state 79
    OR          shift, and go to state 80
    PLUS        shift, and go to state 81

    $default  reduce using rule 31 (Declarator)


State 39

   66 Expr: MultiExpr • RPAR
   74 MultiExpr: MultiExpr • COMMA Expr

    RPAR   shift, and go to state 82
    COMMA  shift, and go to state 83


State 40

   22 Declaration: error • SEMI
   32 Statement: error • SEMI

    SEMI  shift, and go to state 84


State 41

   36 StatementNoError: LBRACE • RBRACE
   37                 | LBRACE • Statements RBRACE
   42                 | LBRACE • error RBRACE

    error       shift, and go to state 85
    LBRACE      shift, and go to state 41
    RBRACE      shift, and go to state 86
    SEMI        shift, and go to state 43
    IDENTIFIER  shift, and go to state 30
    LPAR        shift, and go to state 31
    WHILE       shift, and go to state 44
    RETURN      shift, and go to state 45
    MINUS       shift, and go to state 32
    NOT         shift, and go to state 33
    PLUS        shift, and go to state 34
    DECIMAL     shift, and go to state 35
    NATURAL     shift, and go to state 36
    CHRLIT      shift, and go to state 37
    IF          shift, and go to state 46

    Statement         go to state 87
    StatementNoError  go to state 88
    Statements        go to state 89
    Expr              go to state 52
    MultiExpr         go to state 39


State 42

    9 FunctionBody: LBRACE RBRACE •

    $default  reduce using rule 9 (FunctionBody)


State 43

   34 StatementNoError: SEMI •

    $default  reduce using rule 34 (StatementNoError)


State 44

   39 StatementNoError: WHILE • LPAR Expr RPAR Statement

    LPAR  shift, and go to state 90


State 45

   40 StatementNoError: RETURN • SEMI
   41                 | RETURN • Expr SEMI

    SEMI        shift, and go to state 91
    IDENTIFIER  shift, and go to state 30
    LPAR        shift, and go to state 31
    MINUS       shift, and go to state 32
    NOT         shift, and go to state 33
    PLUS        shift, and go to state 34
    DECIMAL     shift, and go to state 35
    NATURAL     shift, and go to state 36
    CHRLIT      shift, and go to state 37

    Expr       go to state 92
    MultiExpr  go to state 39


State 46

   38 StatementNoError: IF • LPAR Expr RPAR Statement ELSE Statement

    LPAR  shift, and go to state 93


State 47

    8 FunctionBody: LBRACE DeclarationsAndStatements • RBRACE

    RBRACE  shift, and go to state 94


State 48

   11 DeclarationsAndStatements: Declaration • DeclarationsAndStatements
   13                          | Declaration •

    error       shift, and go to state 40
    LBRACE      shift, and go to state 41
    SEMI        shift, and go to state 43
    IDENTIFIER  shift, and go to state 30
    LPAR        shift, and go to state 31
    CHAR        shift, and go to state 2
    INT         shift, and go to state 3
    VOID        shift, and go to state 4
    SHORT       shift, and go to state 5
    DOUBLE      shift, and go to state 6
    WHILE       shift, and go to state 44
    RETURN      shift, and go to state 45
    MINUS       shift, and go to state 32
    NOT         shift, and go to state 33
    PLUS        shift, and go to state 34
    DECIMAL     shift, and go to state 35
    NATURAL     shift, and go to state 36
    CHRLIT      shift, and go to state 37
    IF          shift, and go to state 46

    RBRACE  reduce using rule 13 (DeclarationsAndStatements)

    DeclarationsAndStatements  go to state 95
    Declaration                go to state 48
    TypeSpec                   go to state 49
    Statement                  go to state 50
    StatementNoError           go to state 51
    Expr                       go to state 52
    MultiExpr                  go to state 39


State 49

   20 Declaration: TypeSpec • Declarator SEMI
   21            | TypeSpec • Declarator COMMA DeclaratorList SEMI

    IDENTIFIER  shift, and go to state 53

    Declarator  go to state 19


State 50

   10 DeclarationsAndStatements: Statement • DeclarationsAndStatements

    error       shift, and go to state 40
    LBRACE      shift, and go to state 41
    SEMI        shift, and go to state 43
    IDENTIFIER  shift, and go to state 30
    LPAR        shift, and go to state 31
    CHAR        shift, and go to state 2
    INT         shift, and go to state 3
    VOID        shift, and go to state 4
    SHORT       shift, and go to state 5
    DOUBLE      shift, and go to state 6
    WHILE       shift, and go to state 44
    RETURN      shift, and go to state 45
    MINUS       shift, and go to state 32
    NOT         shift, and go to state 33
    PLUS        shift, and go to state 34
    DECIMAL     shift, and go to state 35
    NATURAL     shift, and go to state 36
    CHRLIT      shift, and go to state 37
    IF          shift, and go to state 46

    DeclarationsAndStatements  go to state 96
    Declaration                go to state 48
    TypeSpec                   go to state 49
    Statement                  go to state 50
    StatementNoError           go to state 51
    Expr                       go to state 52
    MultiExpr                  go to state 39


State 51

   12 DeclarationsAndStatements: StatementNoError •
   33 Statement: StatementNoError •

    RBRACE    reduce using rule 12 (DeclarationsAndStatements)
    $default  reduce using rule 33 (Statement)


State 52

   35 StatementNoError: Expr • SEMI
   45 Expr: Expr • ASSIGN Expr
   46     | Expr • PLUS Expr
   47     | Expr • MINUS Expr
   48     | Expr • MUL Expr
   49     | Expr • DIV Expr
   50     | Expr • MOD Expr
   51     | Expr • OR Expr
   52     | Expr • AND Expr
   53     | Expr • BITWISEAND Expr
   54     | Expr • BITWISEOR Expr
   55     | Expr • BITWISEXOR Expr
   56     | Expr • EQ Expr
   57     | Expr • NE Expr
   58     | Expr • LE Expr
   59     | Expr • GE Expr
   60     | Expr • LT Expr
   61     | Expr • GT Expr

    SEMI        shift, and go to state 97
    ASSIGN      shift, and go to state 65
    BITWISEAND  shift, and go to state 66
    BITWISEOR   shift, and go to state 67
    BITWISEXOR  shift, and go to state 68
    AND         shift, and go to state 69
    MUL         shift, and go to state 70
    DIV         shift, and go to state 71
    EQ          shift, and go to state 72
    GE          shift, and go to state 73
    GT          shift, and go to state 74
    LE          shift, and go to state 75
    LT          shift, and go to state 76
    MINUS       shift, and go to state 77
    MOD         shift, and go to state 78
    NE          shift, and go to state 79
    OR          shift, and go to state 80
    PLUS        shift, and go to state 81


State 53

   30 Declarator: IDENTIFIER •
   31           | IDENTIFIER • ASSIGN Expr

    ASSIGN  shift, and go to state 21

    $default  reduce using rule 30 (Declarator)


State 54

   21 Declaration: TypeSpec Declarator COMMA DeclaratorList • SEMI
   29 DeclaratorList: DeclaratorList • COMMA Declarator

    SEMI   shift, and go to state 98
    COMMA  shift, and go to state 99


State 55

   28 DeclaratorList: Declarator •

    $default  reduce using rule 28 (DeclaratorList)


State 56

   15 FunctionDeclarator: IDENTIFIER LPAR ParameterList RPAR •

    $default  reduce using rule 15 (FunctionDeclarator)


State 57

   17 ParameterList: ParameterList COMMA • ParameterDeclaration

    CHAR    shift, and go to state 2
    INT     shift, and go to state 3
    VOID    shift, and go to state 4
    SHORT   shift, and go to state 5
    DOUBLE  shift, and go to state 6

    ParameterDeclaration  go to state 100
    TypeSpec              go to state 29


State 58

   18 ParameterDeclaration: TypeSpec IDENTIFIER •

    $default  reduce using rule 18 (ParameterDeclaration)


State 59

   65 Expr: IDENTIFIER LPAR • RPAR
   72     | IDENTIFIER LPAR • error RPAR
   75 MultiExpr: IDENTIFIER LPAR • Expr

    error       shift, and go to state 101
    IDENTIFIER  shift, and go to state 30
    LPAR        shift, and go to state 31
    RPAR        shift, and go to state 102
    MINUS       shift, and go to state 32
    NOT         shift, and go to state 33
    PLUS        shift, and go to state 34
    DECIMAL     shift, and go to state 35
    NATURAL     shift, and go to state 36
    CHRLIT      shift, and go to state 37

    Expr       go to state 103
    MultiExpr  go to state 39


State 60

   73 Expr: LPAR error • RPAR

    RPAR  shift, and go to state 104


State 61

   45 Expr: Expr • ASSIGN Expr
   46     | Expr • PLUS Expr
   47     | Expr • MINUS Expr
   48     | Expr • MUL Expr
   49     | Expr • DIV Expr
   50     | Expr • MOD Expr
   51     | Expr • OR Expr
   52     | Expr • AND Expr
   53     | Expr • BITWISEAND Expr
   54     | Expr • BITWISEOR Expr
   55     | Expr • BITWISEXOR Expr
   56     | Expr • EQ Expr
   57     | Expr • NE Expr
   58     | Expr • LE Expr
   59     | Expr • GE Expr
   60     | Expr • LT Expr
   61     | Expr • GT Expr
   71     | LPAR Expr • RPAR

    RPAR        shift, and go to state 105
    ASSIGN      shift, and go to state 65
    BITWISEAND  shift, and go to state 66
    BITWISEOR   shift, and go to state 67
    BITWISEXOR  shift, and go to state 68
    AND         shift, and go to state 69
    MUL         shift, and go to state 70
    DIV         shift, and go to state 71
    EQ          shift, and go to state 72
    GE          shift, and go to state 73
    GT          shift, and go to state 74
    LE          shift, and go to state 75
    LT          shift, and go to state 76
    MINUS       shift, and go to state 77
    MOD         shift, and go to state 78
    NE          shift, and go to state 79
    OR          shift, and go to state 80
    PLUS        shift, and go to state 81


State 62

   45 Expr: Expr • ASSIGN Expr
   46     | Expr • PLUS Expr
   47     | Expr • MINUS Expr
   48     | Expr • MUL Expr
   49     | Expr • DIV Expr
   50     | Expr • MOD Expr
   51     | Expr • OR Expr
   52     | Expr • AND Expr
   53     | Expr • BITWISEAND Expr
   54     | Expr • BITWISEOR Expr
   55     | Expr • BITWISEXOR Expr
   56     | Expr • EQ Expr
   57     | Expr • NE Expr
   58     | Expr • LE Expr
   59     | Expr • GE Expr
   60     | Expr • LT Expr
   61     | Expr • GT Expr
   63     | MINUS Expr •

    MUL  shift, and go to state 70
    DIV  shift, and go to state 71
    MOD  shift, and go to state 78

    $default  reduce using rule 63 (Expr)


State 63

   45 Expr: Expr • ASSIGN Expr
   46     | Expr • PLUS Expr
   47     | Expr • MINUS Expr
   48     | Expr • MUL Expr
   49     | Expr • DIV Expr
   50     | Expr • MOD Expr
   51     | Expr • OR Expr
   52     | Expr • AND Expr
   53     | Expr • BITWISEAND Expr
   54     | Expr • BITWISEOR Expr
   55     | Expr • BITWISEXOR Expr
   56     | Expr • EQ Expr
   57     | Expr • NE Expr
   58     | Expr • LE Expr
   59     | Expr • GE Expr
   60     | Expr • LT Expr
   61     | Expr • GT Expr
   64     | NOT Expr •

    $default  reduce using rule 64 (Expr)


State 64

   45 Expr: Expr • ASSIGN Expr
   46     | Expr • PLUS Expr
   47     | Expr • MINUS Expr
   48     | Expr • MUL Expr
   49     | Expr • DIV Expr
   50     | Expr • MOD Expr
   51     | Expr • OR Expr
   52     | Expr • AND Expr
   53     | Expr • BITWISEAND Expr
   54     | Expr • BITWISEOR Expr
   55     | Expr • BITWISEXOR Expr
   56     | Expr • EQ Expr
   57     | Expr • NE Expr
   58     | Expr • LE Expr
   59     | Expr • GE Expr
   60     | Expr • LT Expr
   61     | Expr • GT Expr
   62     | PLUS Expr •

    MUL  shift, and go to state 70
    DIV  shift, and go to state 71
    MOD  shift, and go to state 78

    $default  reduce using rule 62 (Expr)


State 65

   45 Expr: Expr ASSIGN • Expr

    IDENTIFIER  shift, and go to state 30
    LPAR        shift, and go to state 31
    MINUS       shift, and go to state 32
    NOT         shift, and go to state 33
    PLUS        shift, and go to state 34
    DECIMAL     shift, and go to state 35
    NATURAL     shift, and go to state 36
    CHRLIT      shift, and go to state 37

    Expr       go to state 106
    MultiExpr  go to state 39


State 66

   53 Expr: Expr BITWISEAND • Expr

    IDENTIFIER  shift, and go to state 30
    LPAR        shift, and go to state 31
    MINUS       shift, and go to state 32
    NOT         shift, and go to state 33
    PLUS        shift, and go to state 34
    DECIMAL     shift, and go to state 35
    NATURAL     shift, and go to state 36
    CHRLIT      shift, and go to state 37

    Expr       go to state 107
    MultiExpr  go to state 39


State 67

   54 Expr: Expr BITWISEOR • Expr

    IDENTIFIER  shift, and go to state 30
    LPAR        shift, and go to state 31
    MINUS       shift, and go to state 32
    NOT         shift, and go to state 33
    PLUS        shift, and go to state 34
    DECIMAL     shift, and go to state 35
    NATURAL     shift, and go to state 36
    CHRLIT      shift, and go to state 37

    Expr       go to state 108
    MultiExpr  go to state 39


State 68

   55 Expr: Expr BITWISEXOR • Expr

    IDENTIFIER  shift, and go to state 30
    LPAR        shift, and go to state 31
    MINUS       shift, and go to state 32
    NOT         shift, and go to state 33
    PLUS        shift, and go to state 34
    DECIMAL     shift, and go to state 35
    NATURAL     shift, and go to state 36
    CHRLIT      shift, and go to state 37

    Expr       go to state 109
    MultiExpr  go to state 39


State 69

   52 Expr: Expr AND • Expr

    IDENTIFIER  shift, and go to state 30
    LPAR        shift, and go to state 31
    MINUS       shift, and go to state 32
    NOT         shift, and go to state 33
    PLUS        shift, and go to state 34
    DECIMAL     shift, and go to state 35
    NATURAL     shift, and go to state 36
    CHRLIT      shift, and go to state 37

    Expr       go to state 110
    MultiExpr  go to state 39


State 70

   48 Expr: Expr MUL • Expr

    IDENTIFIER  shift, and go to state 30
    LPAR        shift, and go to state 31
    MINUS       shift, and go to state 32
    NOT         shift, and go to state 33
    PLUS        shift, and go to state 34
    DECIMAL     shift, and go to state 35
    NATURAL     shift, and go to state 36
    CHRLIT      shift, and go to state 37

    Expr       go to state 111
    MultiExpr  go to state 39


State 71

   49 Expr: Expr DIV • Expr

    IDENTIFIER  shift, and go to state 30
    LPAR        shift, and go to state 31
    MINUS       shift, and go to state 32
    NOT         shift, and go to state 33
    PLUS        shift, and go to state 34
    DECIMAL     shift, and go to state 35
    NATURAL     shift, and go to state 36
    CHRLIT      shift, and go to state 37

    Expr       go to state 112
    MultiExpr  go to state 39


State 72

   56 Expr: Expr EQ • Expr

    IDENTIFIER  shift, and go to state 30
    LPAR        shift, and go to state 31
    MINUS       shift, and go to state 32
    NOT         shift, and go to state 33
    PLUS        shift, and go to state 34
    DECIMAL     shift, and go to state 35
    NATURAL     shift, and go to state 36
    CHRLIT      shift, and go to state 37

    Expr       go to state 113
    MultiExpr  go to state 39


State 73

   59 Expr: Expr GE • Expr

    IDENTIFIER  shift, and go to state 30
    LPAR        shift, and go to state 31
    MINUS       shift, and go to state 32
    NOT         shift, and go to state 33
    PLUS        shift, and go to state 34
    DECIMAL     shift, and go to state 35
    NATURAL     shift, and go to state 36
    CHRLIT      shift, and go to state 37

    Expr       go to state 114
    MultiExpr  go to state 39


State 74

   61 Expr: Expr GT • Expr

    IDENTIFIER  shift, and go to state 30
    LPAR        shift, and go to state 31
    MINUS       shift, and go to state 32
    NOT         shift, and go to state 33
    PLUS        shift, and go to state 34
    DECIMAL     shift, and go to state 35
    NATURAL     shift, and go to state 36
    CHRLIT      shift, and go to state 37

    Expr       go to state 115
    MultiExpr  go to state 39


State 75

   58 Expr: Expr LE • Expr

    IDENTIFIER  shift, and go to state 30
    LPAR        shift, and go to state 31
    MINUS       shift, and go to state 32
    NOT         shift, and go to state 33
    PLUS        shift, and go to state 34
    DECIMAL     shift, and go to state 35
    NATURAL     shift, and go to state 36
    CHRLIT      shift, and go to state 37

    Expr       go to state 116
    MultiExpr  go to state 39


State 76

   60 Expr: Expr LT • Expr

    IDENTIFIER  shift, and go to state 30
    LPAR        shift, and go to state 31
    MINUS       shift, and go to state 32
    NOT         shift, and go to state 33
    PLUS        shift, and go to state 34
    DECIMAL     shift, and go to state 35
    NATURAL     shift, and go to state 36
    CHRLIT      shift, and go to state 37

    Expr       go to state 117
    MultiExpr  go to state 39


State 77

   47 Expr: Expr MINUS • Expr

    IDENTIFIER  shift, and go to state 30
    LPAR        shift, and go to state 31
    MINUS       shift, and go to state 32
    NOT         shift, and go to state 33
    PLUS        shift, and go to state 34
    DECIMAL     shift, and go to state 35
    NATURAL     shift, and go to state 36
    CHRLIT      shift, and go to state 37

    Expr       go to state 118
    MultiExpr  go to state 39


State 78

   50 Expr: Expr MOD • Expr

    IDENTIFIER  shift, and go to state 30
    LPAR        shift, and go to state 31
    MINUS       shift, and go to state 32
    NOT         shift, and go to state 33
    PLUS        shift, and go to state 34
    DECIMAL     shift, and go to state 35
    NATURAL     shift, and go to state 36
    CHRLIT      shift, and go to state 37

    Expr       go to state 119
    MultiExpr  go to state 39


State 79

   57 Expr: Expr NE • Expr

    IDENTIFIER  shift, and go to state 30
    LPAR        shift, and go to state 31
    MINUS       shift, and go to state 32
    NOT         shift, and go to state 33
    PLUS        shift, and go to state 34
    DECIMAL     shift, and go to state 35
    NATURAL     shift, and go to state 36
    CHRLIT      shift, and go to state 37

    Expr       go to state 120
    MultiExpr  go to state 39


State 80

   51 Expr: Expr OR • Expr

    IDENTIFIER  shift, and go to state 30
    LPAR        shift, and go to state 31
    MINUS       shift, and go to state 32
    NOT         shift, and go to state 33
    PLUS        shift, and go to state 34
    DECIMAL     shift, and go to state 35
    NATURAL     shift, and go to state 36
    CHRLIT      shift, and go to state 37

    Expr       go to state 121
    MultiExpr  go to state 39


State 81

   46 Expr: Expr PLUS • Expr

    IDENTIFIER  shift, and go to state 30
    LPAR        shift, and go to state 31
    MINUS       shift, and go to state 32
    NOT         shift, and go to state 33
    PLUS        shift, and go to state 34
    DECIMAL     shift, and go to state 35
    NATURAL     shift, and go to state 36
    CHRLIT      shift, and go to state 37

    Expr       go to state 122
    MultiExpr  go to state 39


State 82

   66 Expr: MultiExpr RPAR •

    $default  reduce using rule 66 (Expr)


State 83

   74 MultiExpr: MultiExpr COMMA • Expr

    IDENTIFIER  shift, and go to state 30
    LPAR        shift, and go to state 31
    MINUS       shift, and go to state 32
    NOT         shift, and go to state 33
    PLUS        shift, and go to state 34
    DECIMAL     shift, and go to state 35
    NATURAL     shift, and go to state 36
    CHRLIT      shift, and go to state 37

    Expr       go to state 123
    MultiExpr  go to state 39


State 84

   22 Declaration: error SEMI •
   32 Statement: error SEMI •

    error       reduce using rule 22 (Declaration)
    error       [reduce using rule 32 (Statement)]
    LBRACE      reduce using rule 22 (Declaration)
    LBRACE      [reduce using rule 32 (Statement)]
    SEMI        reduce using rule 22 (Declaration)
    SEMI        [reduce using rule 32 (Statement)]
    IDENTIFIER  reduce using rule 22 (Declaration)
    IDENTIFIER  [reduce using rule 32 (Statement)]
    LPAR        reduce using rule 22 (Declaration)
    LPAR        [reduce using rule 32 (Statement)]
    CHAR        reduce using rule 22 (Declaration)
    CHAR        [reduce using rule 32 (Statement)]
    INT         reduce using rule 22 (Declaration)
    INT         [reduce using rule 32 (Statement)]
    VOID        reduce using rule 22 (Declaration)
    VOID        [reduce using rule 32 (Statement)]
    SHORT       reduce using rule 22 (Declaration)
    SHORT       [reduce using rule 32 (Statement)]
    DOUBLE      reduce using rule 22 (Declaration)
    DOUBLE      [reduce using rule 32 (Statement)]
    WHILE       reduce using rule 22 (Declaration)
    WHILE       [reduce using rule 32 (Statement)]
    RETURN      reduce using rule 22 (Declaration)
    RETURN      [reduce using rule 32 (Statement)]
    MINUS       reduce using rule 22 (Declaration)
    MINUS       [reduce using rule 32 (Statement)]
    NOT         reduce using rule 22 (Declaration)
    NOT         [reduce using rule 32 (Statement)]
    PLUS        reduce using rule 22 (Declaration)
    PLUS        [reduce using rule 32 (Statement)]
    DECIMAL     reduce using rule 22 (Declaration)
    DECIMAL     [reduce using rule 32 (Statement)]
    NATURAL     reduce using rule 22 (Declaration)
    NATURAL     [reduce using rule 32 (Statement)]
    CHRLIT      reduce using rule 22 (Declaration)
    CHRLIT      [reduce using rule 32 (Statement)]
    IF          reduce using rule 22 (Declaration)
    IF          [reduce using rule 32 (Statement)]
    $default    reduce using rule 22 (Declaration)

    reduce/reduce conflict on tokens error, LBRACE, SEMI, IDENTIFIER, LPAR, CHAR, INT, VOID, SHORT, DOUBLE, WHILE, RETURN, MINUS, NOT, PLUS, DECIMAL, NATURAL, CHRLIT, IF:
       22 Declaration: error SEMI •
       32 Statement: error SEMI •
      First example: TypeSpec FunctionDeclarator LBRACE error SEMI • error SEMI DeclarationsAndStatements RBRACE $end
      First reduce derivation
        $accept
        ↳ 0: Stm                                                                                                                                          $end
             ↳ 1: FunctionsAndDeclarations
                  ↳ 2: TypeFuncDec
                       ↳ 4: FunctionDefinition
                            ↳ 7: TypeSpec FunctionDeclarator FunctionBody
                                                             ↳ 8: LBRACE DeclarationsAndStatements                                                 RBRACE
                                                                         ↳ 11: Declaration        DeclarationsAndStatements
                                                                               ↳ 22: error SEMI • ↳ 10: Statement        DeclarationsAndStatements
                                                                                                        ↳ 32: error SEMI
      Second example: TypeSpec FunctionDeclarator LBRACE error SEMI • error SEMI DeclarationsAndStatements RBRACE $end
      Second reduce derivation
        $accept
        ↳ 0: Stm                                                                                                                                          $end
             ↳ 1: FunctionsAndDeclarations
                  ↳ 2: TypeFuncDec
                       ↳ 4: FunctionDefinition
                            ↳ 7: TypeSpec FunctionDeclarator FunctionBody
                                                             ↳ 8: LBRACE DeclarationsAndStatements                                                 RBRACE
                                                                         ↳ 10: Statement          DeclarationsAndStatements
                                                                               ↳ 32: error SEMI • ↳ 10: Statement        DeclarationsAndStatements
                                                                                                        ↳ 32: error SEMI



State 85

   32 Statement: error • SEMI
   42 StatementNoError: LBRACE error • RBRACE

    RBRACE  shift, and go to state 124
    SEMI    shift, and go to state 125


State 86

   36 StatementNoError: LBRACE RBRACE •

    $default  reduce using rule 36 (StatementNoError)


State 87

   43 Statements: Statement •

    $default  reduce using rule 43 (Statements)


State 88

   33 Statement: StatementNoError •

    $default  reduce using rule 33 (Statement)


State 89

   37 StatementNoError: LBRACE Statements • RBRACE
   44 Statements: Statements • Statement

    error       shift, and go to state 126
    LBRACE      shift, and go to state 41
    RBRACE      shift, and go to state 127
    SEMI        shift, and go to state 43
    IDENTIFIER  shift, and go to state 30
    LPAR        shift, and go to state 31
    WHILE       shift, and go to state 44
    RETURN      shift, and go to state 45
    MINUS       shift, and go to state 32
    NOT         shift, and go to state 33
    PLUS        shift, and go to state 34
    DECIMAL     shift, and go to state 35
    NATURAL     shift, and go to state 36
    CHRLIT      shift, and go to state 37
    IF          shift, and go to state 46

    Statement         go to state 128
    StatementNoError  go to state 88
    Expr              go to state 52
    MultiExpr         go to state 39


State 90

   39 StatementNoError: WHILE LPAR • Expr RPAR Statement

    IDENTIFIER  shift, and go to state 30
    LPAR        shift, and go to state 31
    MINUS       shift, and go to state 32
    NOT         shift, and go to state 33
    PLUS        shift, and go to state 34
    DECIMAL     shift, and go to state 35
    NATURAL     shift, and go to state 36
    CHRLIT      shift, and go to state 37

    Expr       go to state 129
    MultiExpr  go to state 39


State 91

   40 StatementNoError: RETURN SEMI •

    $default  reduce using rule 40 (StatementNoError)


State 92

   41 StatementNoError: RETURN Expr • SEMI
   45 Expr: Expr • ASSIGN Expr
   46     | Expr • PLUS Expr
   47     | Expr • MINUS Expr
   48     | Expr • MUL Expr
   49     | Expr • DIV Expr
   50     | Expr • MOD Expr
   51     | Expr • OR Expr
   52     | Expr • AND Expr
   53     | Expr • BITWISEAND Expr
   54     | Expr • BITWISEOR Expr
   55     | Expr • BITWISEXOR Expr
   56     | Expr • EQ Expr
   57     | Expr • NE Expr
   58     | Expr • LE Expr
   59     | Expr • GE Expr
   60     | Expr • LT Expr
   61     | Expr • GT Expr

    SEMI        shift, and go to state 130
    ASSIGN      shift, and go to state 65
    BITWISEAND  shift, and go to state 66
    BITWISEOR   shift, and go to state 67
    BITWISEXOR  shift, and go to state 68
    AND         shift, and go to state 69
    MUL         shift, and go to state 70
    DIV         shift, and go to state 71
    EQ          shift, and go to state 72
    GE          shift, and go to state 73
    GT          shift, and go to state 74
    LE          shift, and go to state 75
    LT          shift, and go to state 76
    MINUS       shift, and go to state 77
    MOD         shift, and go to state 78
    NE          shift, and go to state 79
    OR          shift, and go to state 80
    PLUS        shift, and go to state 81


State 93

   38 StatementNoError: IF LPAR • Expr RPAR Statement ELSE Statement

    IDENTIFIER  shift, and go to state 30
    LPAR        shift, and go to state 31
    MINUS       shift, and go to state 32
    NOT         shift, and go to state 33
    PLUS        shift, and go to state 34
    DECIMAL     shift, and go to state 35
    NATURAL     shift, and go to state 36
    CHRLIT      shift, and go to state 37

    Expr       go to state 131
    MultiExpr  go to state 39


State 94

    8 FunctionBody: LBRACE DeclarationsAndStatements RBRACE •

    $default  reduce using rule 8 (FunctionBody)


State 95

   11 DeclarationsAndStatements: Declaration DeclarationsAndStatements •

    $default  reduce using rule 11 (DeclarationsAndStatements)


State 96

   10 DeclarationsAndStatements: Statement DeclarationsAndStatements •

    $default  reduce using rule 10 (DeclarationsAndStatements)


State 97

   35 StatementNoError: Expr SEMI •

    $default  reduce using rule 35 (StatementNoError)


State 98

   21 Declaration: TypeSpec Declarator COMMA DeclaratorList SEMI •

    $default  reduce using rule 21 (Declaration)


State 99

   29 DeclaratorList: DeclaratorList COMMA • Declarator

    IDENTIFIER  shift, and go to state 53

    Declarator  go to state 132


State 100

   17 ParameterList: ParameterList COMMA ParameterDeclaration •

    $default  reduce using rule 17 (ParameterList)


State 101

   72 Expr: IDENTIFIER LPAR error • RPAR

    RPAR  shift, and go to state 133


State 102

   65 Expr: IDENTIFIER LPAR RPAR •

    $default  reduce using rule 65 (Expr)


State 103

   45 Expr: Expr • ASSIGN Expr
   46     | Expr • PLUS Expr
   47     | Expr • MINUS Expr
   48     | Expr • MUL Expr
   49     | Expr • DIV Expr
   50     | Expr • MOD Expr
   51     | Expr • OR Expr
   52     | Expr • AND Expr
   53     | Expr • BITWISEAND Expr
   54     | Expr • BITWISEOR Expr
   55     | Expr • BITWISEXOR Expr
   56     | Expr • EQ Expr
   57     | Expr • NE Expr
   58     | Expr • LE Expr
   59     | Expr • GE Expr
   60     | Expr • LT Expr
   61     | Expr • GT Expr
   75 MultiExpr: IDENTIFIER LPAR Expr •

    ASSIGN      shift, and go to state 65
    BITWISEAND  shift, and go to state 66
    BITWISEOR   shift, and go to state 67
    BITWISEXOR  shift, and go to state 68
    AND         shift, and go to state 69
    MUL         shift, and go to state 70
    DIV         shift, and go to state 71
    EQ          shift, and go to state 72
    GE          shift, and go to state 73
    GT          shift, and go to state 74
    LE          shift, and go to state 75
    LT          shift, and go to state 76
    MINUS       shift, and go to state 77
    MOD         shift, and go to state 78
    NE          shift, and go to state 79
    OR          shift, and go to state 80
    PLUS        shift, and go to state 81

    $default  reduce using rule 75 (MultiExpr)


State 104

   73 Expr: LPAR error RPAR •

    $default  reduce using rule 73 (Expr)


State 105

   71 Expr: LPAR Expr RPAR •

    $default  reduce using rule 71 (Expr)


State 106

   45 Expr: Expr • ASSIGN Expr
   45     | Expr ASSIGN Expr •
   46     | Expr • PLUS Expr
   47     | Expr • MINUS Expr
   48     | Expr • MUL Expr
   49     | Expr • DIV Expr
   50     | Expr • MOD Expr
   51     | Expr • OR Expr
   52     | Expr • AND Expr
   53     | Expr • BITWISEAND Expr
   54     | Expr • BITWISEOR Expr
   55     | Expr • BITWISEXOR Expr
   56     | Expr • EQ Expr
   57     | Expr • NE Expr
   58     | Expr • LE Expr
   59     | Expr • GE Expr
   60     | Expr • LT Expr
   61     | Expr • GT Expr

    ASSIGN      shift, and go to state 65
    BITWISEAND  shift, and go to state 66
    BITWISEOR   shift, and go to state 67
    BITWISEXOR  shift, and go to state 68
    AND         shift, and go to state 69
    MUL         shift, and go to state 70
    DIV         shift, and go to state 71
    EQ          shift, and go to state 72
    GE          shift, and go to state 73
    GT          shift, and go to state 74
    LE          shift, and go to state 75
    LT          shift, and go to state 76
    MINUS       shift, and go to state 77
    MOD         shift, and go to state 78
    NE          shift, and go to state 79
    OR          shift, and go to state 80
    PLUS        shift, and go to state 81

    $default  reduce using rule 45 (Expr)


State 107

   45 Expr: Expr • ASSIGN Expr
   46     | Expr • PLUS Expr
   47     | Expr • MINUS Expr
   48     | Expr • MUL Expr
   49     | Expr • DIV Expr
   50     | Expr • MOD Expr
   51     | Expr • OR Expr
   52     | Expr • AND Expr
   53     | Expr • BITWISEAND Expr
   53     | Expr BITWISEAND Expr •
   54     | Expr • BITWISEOR Expr
   55     | Expr • BITWISEXOR Expr
   56     | Expr • EQ Expr
   57     | Expr • NE Expr
   58     | Expr • LE Expr
   59     | Expr • GE Expr
   60     | Expr • LT Expr
   61     | Expr • GT Expr

    MUL    shift, and go to state 70
    DIV    shift, and go to state 71
    EQ     shift, and go to state 72
    GE     shift, and go to state 73
    GT     shift, and go to state 74
    LE     shift, and go to state 75
    LT     shift, and go to state 76
    MINUS  shift, and go to state 77
    MOD    shift, and go to state 78
    NE     shift, and go to state 79
    PLUS   shift, and go to state 81

    $default  reduce using rule 53 (Expr)


State 108

   45 Expr: Expr • ASSIGN Expr
   46     | Expr • PLUS Expr
   47     | Expr • MINUS Expr
   48     | Expr • MUL Expr
   49     | Expr • DIV Expr
   50     | Expr • MOD Expr
   51     | Expr • OR Expr
   52     | Expr • AND Expr
   53     | Expr • BITWISEAND Expr
   54     | Expr • BITWISEOR Expr
   54     | Expr BITWISEOR Expr •
   55     | Expr • BITWISEXOR Expr
   56     | Expr • EQ Expr
   57     | Expr • NE Expr
   58     | Expr • LE Expr
   59     | Expr • GE Expr
   60     | Expr • LT Expr
   61     | Expr • GT Expr

    MUL    shift, and go to state 70
    DIV    shift, and go to state 71
    EQ     shift, and go to state 72
    GE     shift, and go to state 73
    GT     shift, and go to state 74
    LE     shift, and go to state 75
    LT     shift, and go to state 76
    MINUS  shift, and go to state 77
    MOD    shift, and go to state 78
    NE     shift, and go to state 79
    PLUS   shift, and go to state 81

    $default  reduce using rule 54 (Expr)


State 109

   45 Expr: Expr • ASSIGN Expr
   46     | Expr • PLUS Expr
   47     | Expr • MINUS Expr
   48     | Expr • MUL Expr
   49     | Expr • DIV Expr
   50     | Expr • MOD Expr
   51     | Expr • OR Expr
   52     | Expr • AND Expr
   53     | Expr • BITWISEAND Expr
   54     | Expr • BITWISEOR Expr
   55     | Expr • BITWISEXOR Expr
   55     | Expr BITWISEXOR Expr •
   56     | Expr • EQ Expr
   57     | Expr • NE Expr
   58     | Expr • LE Expr
   59     | Expr • GE Expr
   60     | Expr • LT Expr
   61     | Expr • GT Expr

    MUL    shift, and go to state 70
    DIV    shift, and go to state 71
    EQ     shift, and go to state 72
    GE     shift, and go to state 73
    GT     shift, and go to state 74
    LE     shift, and go to state 75
    LT     shift, and go to state 76
    MINUS  shift, and go to state 77
    MOD    shift, and go to state 78
    NE     shift, and go to state 79
    PLUS   shift, and go to state 81

    $default  reduce using rule 55 (Expr)


State 110

   45 Expr: Expr • ASSIGN Expr
   46     | Expr • PLUS Expr
   47     | Expr • MINUS Expr
   48     | Expr • MUL Expr
   49     | Expr • DIV Expr
   50     | Expr • MOD Expr
   51     | Expr • OR Expr
   52     | Expr • AND Expr
   52     | Expr AND Expr •
   53     | Expr • BITWISEAND Expr
   54     | Expr • BITWISEOR Expr
   55     | Expr • BITWISEXOR Expr
   56     | Expr • EQ Expr
   57     | Expr • NE Expr
   58     | Expr • LE Expr
   59     | Expr • GE Expr
   60     | Expr • LT Expr
   61     | Expr • GT Expr

    MUL    shift, and go to state 70
    DIV    shift, and go to state 71
    EQ     shift, and go to state 72
    GE     shift, and go to state 73
    GT     shift, and go to state 74
    LE     shift, and go to state 75
    LT     shift, and go to state 76
    MINUS  shift, and go to state 77
    MOD    shift, and go to state 78
    NE     shift, and go to state 79
    PLUS   shift, and go to state 81

    $default  reduce using rule 52 (Expr)


State 111

   45 Expr: Expr • ASSIGN Expr
   46     | Expr • PLUS Expr
   47     | Expr • MINUS Expr
   48     | Expr • MUL Expr
   48     | Expr MUL Expr •
   49     | Expr • DIV Expr
   50     | Expr • MOD Expr
   51     | Expr • OR Expr
   52     | Expr • AND Expr
   53     | Expr • BITWISEAND Expr
   54     | Expr • BITWISEOR Expr
   55     | Expr • BITWISEXOR Expr
   56     | Expr • EQ Expr
   57     | Expr • NE Expr
   58     | Expr • LE Expr
   59     | Expr • GE Expr
   60     | Expr • LT Expr
   61     | Expr • GT Expr

    $default  reduce using rule 48 (Expr)


State 112

   45 Expr: Expr • ASSIGN Expr
   46     | Expr • PLUS Expr
   47     | Expr • MINUS Expr
   48     | Expr • MUL Expr
   49     | Expr • DIV Expr
   49     | Expr DIV Expr •
   50     | Expr • MOD Expr
   51     | Expr • OR Expr
   52     | Expr • AND Expr
   53     | Expr • BITWISEAND Expr
   54     | Expr • BITWISEOR Expr
   55     | Expr • BITWISEXOR Expr
   56     | Expr • EQ Expr
   57     | Expr • NE Expr
   58     | Expr • LE Expr
   59     | Expr • GE Expr
   60     | Expr • LT Expr
   61     | Expr • GT Expr

    $default  reduce using rule 49 (Expr)


State 113

   45 Expr: Expr • ASSIGN Expr
   46     | Expr • PLUS Expr
   47     | Expr • MINUS Expr
   48     | Expr • MUL Expr
   49     | Expr • DIV Expr
   50     | Expr • MOD Expr
   51     | Expr • OR Expr
   52     | Expr • AND Expr
   53     | Expr • BITWISEAND Expr
   54     | Expr • BITWISEOR Expr
   55     | Expr • BITWISEXOR Expr
   56     | Expr • EQ Expr
   56     | Expr EQ Expr •
   57     | Expr • NE Expr
   58     | Expr • LE Expr
   59     | Expr • GE Expr
   60     | Expr • LT Expr
   61     | Expr • GT Expr

    MUL    shift, and go to state 70
    DIV    shift, and go to state 71
    MINUS  shift, and go to state 77
    MOD    shift, and go to state 78
    PLUS   shift, and go to state 81

    $default  reduce using rule 56 (Expr)


State 114

   45 Expr: Expr • ASSIGN Expr
   46     | Expr • PLUS Expr
   47     | Expr • MINUS Expr
   48     | Expr • MUL Expr
   49     | Expr • DIV Expr
   50     | Expr • MOD Expr
   51     | Expr • OR Expr
   52     | Expr • AND Expr
   53     | Expr • BITWISEAND Expr
   54     | Expr • BITWISEOR Expr
   55     | Expr • BITWISEXOR Expr
   56     | Expr • EQ Expr
   57     | Expr • NE Expr
   58     | Expr • LE Expr
   59     | Expr • GE Expr
   59     | Expr GE Expr •
   60     | Expr • LT Expr
   61     | Expr • GT Expr

    MUL    shift, and go to state 70
    DIV    shift, and go to state 71
    MINUS  shift, and go to state 77
    MOD    shift, and go to state 78
    PLUS   shift, and go to state 81

    $default  reduce using rule 59 (Expr)


State 115

   45 Expr: Expr • ASSIGN Expr
   46     | Expr • PLUS Expr
   47     | Expr • MINUS Expr
   48     | Expr • MUL Expr
   49     | Expr • DIV Expr
   50     | Expr • MOD Expr
   51     | Expr • OR Expr
   52     | Expr • AND Expr
   53     | Expr • BITWISEAND Expr
   54     | Expr • BITWISEOR Expr
   55     | Expr • BITWISEXOR Expr
   56     | Expr • EQ Expr
   57     | Expr • NE Expr
   58     | Expr • LE Expr
   59     | Expr • GE Expr
   60     | Expr • LT Expr
   61     | Expr • GT Expr
   61     | Expr GT Expr •

    MUL    shift, and go to state 70
    DIV    shift, and go to state 71
    MINUS  shift, and go to state 77
    MOD    shift, and go to state 78
    PLUS   shift, and go to state 81

    $default  reduce using rule 61 (Expr)


State 116

   45 Expr: Expr • ASSIGN Expr
   46     | Expr • PLUS Expr
   47     | Expr • MINUS Expr
   48     | Expr • MUL Expr
   49     | Expr • DIV Expr
   50     | Expr • MOD Expr
   51     | Expr • OR Expr
   52     | Expr • AND Expr
   53     | Expr • BITWISEAND Expr
   54     | Expr • BITWISEOR Expr
   55     | Expr • BITWISEXOR Expr
   56     | Expr • EQ Expr
   57     | Expr • NE Expr
   58     | Expr • LE Expr
   58     | Expr LE Expr •
   59     | Expr • GE Expr
   60     | Expr • LT Expr
   61     | Expr • GT Expr

    MUL    shift, and go to state 70
    DIV    shift, and go to state 71
    MINUS  shift, and go to state 77
    MOD    shift, and go to state 78
    PLUS   shift, and go to state 81

    $default  reduce using rule 58 (Expr)


State 117

   45 Expr: Expr • ASSIGN Expr
   46     | Expr • PLUS Expr
   47     | Expr • MINUS Expr
   48     | Expr • MUL Expr
   49     | Expr • DIV Expr
   50     | Expr • MOD Expr
   51     | Expr • OR Expr
   52     | Expr • AND Expr
   53     | Expr • BITWISEAND Expr
   54     | Expr • BITWISEOR Expr
   55     | Expr • BITWISEXOR Expr
   56     | Expr • EQ Expr
   57     | Expr • NE Expr
   58     | Expr • LE Expr
   59     | Expr • GE Expr
   60     | Expr • LT Expr
   60     | Expr LT Expr •
   61     | Expr • GT Expr

    MUL    shift, and go to state 70
    DIV    shift, and go to state 71
    MINUS  shift, and go to state 77
    MOD    shift, and go to state 78
    PLUS   shift, and go to state 81

    $default  reduce using rule 60 (Expr)


State 118

   45 Expr: Expr • ASSIGN Expr
   46     | Expr • PLUS Expr
   47     | Expr • MINUS Expr
   47     | Expr MINUS Expr •
   48     | Expr • MUL Expr
   49     | Expr • DIV Expr
   50     | Expr • MOD Expr
   51     | Expr • OR Expr
   52     | Expr • AND Expr
   53     | Expr • BITWISEAND Expr
   54     | Expr • BITWISEOR Expr
   55     | Expr • BITWISEXOR Expr
   56     | Expr • EQ Expr
   57     | Expr • NE Expr
   58     | Expr • LE Expr
   59     | Expr • GE Expr
   60     | Expr • LT Expr
   61     | Expr • GT Expr

    MUL  shift, and go to state 70
    DIV  shift, and go to state 71
    MOD  shift, and go to state 78

    $default  reduce using rule 47 (Expr)


State 119

   45 Expr: Expr • ASSIGN Expr
   46     | Expr • PLUS Expr
   47     | Expr • MINUS Expr
   48     | Expr • MUL Expr
   49     | Expr • DIV Expr
   50     | Expr • MOD Expr
   50     | Expr MOD Expr •
   51     | Expr • OR Expr
   52     | Expr • AND Expr
   53     | Expr • BITWISEAND Expr
   54     | Expr • BITWISEOR Expr
   55     | Expr • BITWISEXOR Expr
   56     | Expr • EQ Expr
   57     | Expr • NE Expr
   58     | Expr • LE Expr
   59     | Expr • GE Expr
   60     | Expr • LT Expr
   61     | Expr • GT Expr

    $default  reduce using rule 50 (Expr)


State 120

   45 Expr: Expr • ASSIGN Expr
   46     | Expr • PLUS Expr
   47     | Expr • MINUS Expr
   48     | Expr • MUL Expr
   49     | Expr • DIV Expr
   50     | Expr • MOD Expr
   51     | Expr • OR Expr
   52     | Expr • AND Expr
   53     | Expr • BITWISEAND Expr
   54     | Expr • BITWISEOR Expr
   55     | Expr • BITWISEXOR Expr
   56     | Expr • EQ Expr
   57     | Expr • NE Expr
   57     | Expr NE Expr •
   58     | Expr • LE Expr
   59     | Expr • GE Expr
   60     | Expr • LT Expr
   61     | Expr • GT Expr

    MUL    shift, and go to state 70
    DIV    shift, and go to state 71
    MINUS  shift, and go to state 77
    MOD    shift, and go to state 78
    PLUS   shift, and go to state 81

    $default  reduce using rule 57 (Expr)


State 121

   45 Expr: Expr • ASSIGN Expr
   46     | Expr • PLUS Expr
   47     | Expr • MINUS Expr
   48     | Expr • MUL Expr
   49     | Expr • DIV Expr
   50     | Expr • MOD Expr
   51     | Expr • OR Expr
   51     | Expr OR Expr •
   52     | Expr • AND Expr
   53     | Expr • BITWISEAND Expr
   54     | Expr • BITWISEOR Expr
   55     | Expr • BITWISEXOR Expr
   56     | Expr • EQ Expr
   57     | Expr • NE Expr
   58     | Expr • LE Expr
   59     | Expr • GE Expr
   60     | Expr • LT Expr
   61     | Expr • GT Expr

    MUL    shift, and go to state 70
    DIV    shift, and go to state 71
    EQ     shift, and go to state 72
    GE     shift, and go to state 73
    GT     shift, and go to state 74
    LE     shift, and go to state 75
    LT     shift, and go to state 76
    MINUS  shift, and go to state 77
    MOD    shift, and go to state 78
    NE     shift, and go to state 79
    PLUS   shift, and go to state 81

    $default  reduce using rule 51 (Expr)


State 122

   45 Expr: Expr • ASSIGN Expr
   46     | Expr • PLUS Expr
   46     | Expr PLUS Expr •
   47     | Expr • MINUS Expr
   48     | Expr • MUL Expr
   49     | Expr • DIV Expr
   50     | Expr • MOD Expr
   51     | Expr • OR Expr
   52     | Expr • AND Expr
   53     | Expr • BITWISEAND Expr
   54     | Expr • BITWISEOR Expr
   55     | Expr • BITWISEXOR Expr
   56     | Expr • EQ Expr
   57     | Expr • NE Expr
   58     | Expr • LE Expr
   59     | Expr • GE Expr
   60     | Expr • LT Expr
   61     | Expr • GT Expr

    MUL  shift, and go to state 70
    DIV  shift, and go to state 71
    MOD  shift, and go to state 78

    $default  reduce using rule 46 (Expr)


State 123

   45 Expr: Expr • ASSIGN Expr
   46     | Expr • PLUS Expr
   47     | Expr • MINUS Expr
   48     | Expr • MUL Expr
   49     | Expr • DIV Expr
   50     | Expr • MOD Expr
   51     | Expr • OR Expr
   52     | Expr • AND Expr
   53     | Expr • BITWISEAND Expr
   54     | Expr • BITWISEOR Expr
   55     | Expr • BITWISEXOR Expr
   56     | Expr • EQ Expr
   57     | Expr • NE Expr
   58     | Expr • LE Expr
   59     | Expr • GE Expr
   60     | Expr • LT Expr
   61     | Expr • GT Expr
   74 MultiExpr: MultiExpr COMMA Expr •

    ASSIGN      shift, and go to state 65
    BITWISEAND  shift, and go to state 66
    BITWISEOR   shift, and go to state 67
    BITWISEXOR  shift, and go to state 68
    AND         shift, and go to state 69
    MUL         shift, and go to state 70
    DIV         shift, and go to state 71
    EQ          shift, and go to state 72
    GE          shift, and go to state 73
    GT          shift, and go to state 74
    LE          shift, and go to state 75
    LT          shift, and go to state 76
    MINUS       shift, and go to state 77
    MOD         shift, and go to state 78
    NE          shift, and go to state 79
    OR          shift, and go to state 80
    PLUS        shift, and go to state 81

    $default  reduce using rule 74 (MultiExpr)


State 124

   42 StatementNoError: LBRACE error RBRACE •

    $default  reduce using rule 42 (StatementNoError)


State 125

   32 Statement: error SEMI •

    $default  reduce using rule 32 (Statement)


State 126

   32 Statement: error • SEMI

    SEMI  shift, and go to state 125


State 127

   37 StatementNoError: LBRACE Statements RBRACE •

    $default  reduce using rule 37 (StatementNoError)


State 128

   44 Statements: Statements Statement •

    $default  reduce using rule 44 (Statements)


State 129

   39 StatementNoError: WHILE LPAR Expr • RPAR Statement
   45 Expr: Expr • ASSIGN Expr
   46     | Expr • PLUS Expr
   47     | Expr • MINUS Expr
   48     | Expr • MUL Expr
   49     | Expr • DIV Expr
   50     | Expr • MOD Expr
   51     | Expr • OR Expr
   52     | Expr • AND Expr
   53     | Expr • BITWISEAND Expr
   54     | Expr • BITWISEOR Expr
   55     | Expr • BITWISEXOR Expr
   56     | Expr • EQ Expr
   57     | Expr • NE Expr
   58     | Expr • LE Expr
   59     | Expr • GE Expr
   60     | Expr • LT Expr
   61     | Expr • GT Expr

    RPAR        shift, and go to state 134
    ASSIGN      shift, and go to state 65
    BITWISEAND  shift, and go to state 66
    BITWISEOR   shift, and go to state 67
    BITWISEXOR  shift, and go to state 68
    AND         shift, and go to state 69
    MUL         shift, and go to state 70
    DIV         shift, and go to state 71
    EQ          shift, and go to state 72
    GE          shift, and go to state 73
    GT          shift, and go to state 74
    LE          shift, and go to state 75
    LT          shift, and go to state 76
    MINUS       shift, and go to state 77
    MOD         shift, and go to state 78
    NE          shift, and go to state 79
    OR          shift, and go to state 80
    PLUS        shift, and go to state 81


State 130

   41 StatementNoError: RETURN Expr SEMI •

    $default  reduce using rule 41 (StatementNoError)


State 131

   38 StatementNoError: IF LPAR Expr • RPAR Statement ELSE Statement
   45 Expr: Expr • ASSIGN Expr
   46     | Expr • PLUS Expr
   47     | Expr • MINUS Expr
   48     | Expr • MUL Expr
   49     | Expr • DIV Expr
   50     | Expr • MOD Expr
   51     | Expr • OR Expr
   52     | Expr • AND Expr
   53     | Expr • BITWISEAND Expr
   54     | Expr • BITWISEOR Expr
   55     | Expr • BITWISEXOR Expr
   56     | Expr • EQ Expr
   57     | Expr • NE Expr
   58     | Expr • LE Expr
   59     | Expr • GE Expr
   60     | Expr • LT Expr
   61     | Expr • GT Expr

    RPAR        shift, and go to state 135
    ASSIGN      shift, and go to state 65
    BITWISEAND  shift, and go to state 66
    BITWISEOR   shift, and go to state 67
    BITWISEXOR  shift, and go to state 68
    AND         shift, and go to state 69
    MUL         shift, and go to state 70
    DIV         shift, and go to state 71
    EQ          shift, and go to state 72
    GE          shift, and go to state 73
    GT          shift, and go to state 74
    LE          shift, and go to state 75
    LT          shift, and go to state 76
    MINUS       shift, and go to state 77
    MOD         shift, and go to state 78
    NE          shift, and go to state 79
    OR          shift, and go to state 80
    PLUS        shift, and go to state 81


State 132

   29 DeclaratorList: DeclaratorList COMMA Declarator •

    $default  reduce using rule 29 (DeclaratorList)


State 133

   72 Expr: IDENTIFIER LPAR error RPAR •

    $default  reduce using rule 72 (Expr)


State 134

   39 StatementNoError: WHILE LPAR Expr RPAR • Statement

    error       shift, and go to state 126
    LBRACE      shift, and go to state 41
    SEMI        shift, and go to state 43
    IDENTIFIER  shift, and go to state 30
    LPAR        shift, and go to state 31
    WHILE       shift, and go to state 44
    RETURN      shift, and go to state 45
    MINUS       shift, and go to state 32
    NOT         shift, and go to state 33
    PLUS        shift, and go to state 34
    DECIMAL     shift, and go to state 35
    NATURAL     shift, and go to state 36
    CHRLIT      shift, and go to state 37
    IF          shift, and go to state 46

    Statement         go to state 136
    StatementNoError  go to state 88
    Expr              go to state 52
    MultiExpr         go to state 39


State 135

   38 StatementNoError: IF LPAR Expr RPAR • Statement ELSE Statement

    error       shift, and go to state 126
    LBRACE      shift, and go to state 41
    SEMI        shift, and go to state 43
    IDENTIFIER  shift, and go to state 30
    LPAR        shift, and go to state 31
    WHILE       shift, and go to state 44
    RETURN      shift, and go to state 45
    MINUS       shift, and go to state 32
    NOT         shift, and go to state 33
    PLUS        shift, and go to state 34
    DECIMAL     shift, and go to state 35
    NATURAL     shift, and go to state 36
    CHRLIT      shift, and go to state 37
    IF          shift, and go to state 46

    Statement         go to state 137
    StatementNoError  go to state 88
    Expr              go to state 52
    MultiExpr         go to state 39


State 136

   39 StatementNoError: WHILE LPAR Expr RPAR Statement •

    $default  reduce using rule 39 (StatementNoError)


State 137

   38 StatementNoError: IF LPAR Expr RPAR Statement • ELSE Statement

    ELSE  shift, and go to state 138


State 138

   38 StatementNoError: IF LPAR Expr RPAR Statement ELSE • Statement

    error       shift, and go to state 126
    LBRACE      shift, and go to state 41
    SEMI        shift, and go to state 43
    IDENTIFIER  shift, and go to state 30
    LPAR        shift, and go to state 31
    WHILE       shift, and go to state 44
    RETURN      shift, and go to state 45
    MINUS       shift, and go to state 32
    NOT         shift, and go to state 33
    PLUS        shift, and go to state 34
    DECIMAL     shift, and go to state 35
    NATURAL     shift, and go to state 36
    CHRLIT      shift, and go to state 37
    IF          shift, and go to state 46

    Statement         go to state 139
    StatementNoError  go to state 88
    Expr              go to state 52
    MultiExpr         go to state 39


State 139

   38 StatementNoError: IF LPAR Expr RPAR Statement ELSE Statement •

    $default  reduce using rule 38 (StatementNoError)
